{
  "stats": {
    "suites": 2,
    "tests": 8,
    "passes": 8,
    "pending": 0,
    "failures": 0,
    "start": "2021-06-18T08:10:15.491Z",
    "end": "2021-06-18T08:10:32.262Z",
    "duration": 16771,
    "testsRegistered": 8,
    "passPercent": 100,
    "pendingPercent": 0,
    "other": 0,
    "hasOther": false,
    "skipped": 0,
    "hasSkipped": false
  },
  "results": [
    {
      "uuid": "4e4df0aa-6a9f-4cb9-851f-5bef0044c6d5",
      "title": "",
      "fullFile": "tests\\e2e\\specs\\Navigationtests.spec.js",
      "file": "tests\\e2e\\specs\\Navigationtests.spec.js",
      "beforeHooks": [],
      "afterHooks": [],
      "tests": [],
      "suites": [
        {
          "uuid": "15c93531-fced-4464-9953-f44841dc83fa",
          "title": "Tests navigation features as user",
          "fullFile": "",
          "file": "",
          "beforeHooks": [],
          "afterHooks": [],
          "tests": [
            {
              "title": "Navigates to my `Planned to watch`",
              "fullTitle": "Tests navigation features as user Navigates to my `Planned to watch`",
              "timedOut": null,
              "duration": 3174,
              "state": "passed",
              "speed": "slow",
              "pass": true,
              "fail": false,
              "pending": false,
              "context": null,
              "code": "cy.contains(Cypress.env(user.name)).click();\ncy.contains('Plan to watch').click();\ncy.url().should('include', \"/MyList\");\ncy.get('.v-tab--active').should('have.text', \" Planned to watch \");",
              "err": {},
              "uuid": "93e51215-22d7-41ff-a1ce-2d3418bed185",
              "parentUUID": "15c93531-fced-4464-9953-f44841dc83fa",
              "isHook": false,
              "skipped": false
            },
            {
              "title": "Navigates to my `Currently watching`",
              "fullTitle": "Tests navigation features as user Navigates to my `Currently watching`",
              "timedOut": null,
              "duration": 2156,
              "state": "passed",
              "speed": "slow",
              "pass": true,
              "fail": false,
              "pending": false,
              "context": null,
              "code": "cy.contains(Cypress.env(user.name)).click();\ncy.contains('Watching').click();\ncy.url().should('include', \"/MyList\");\ncy.get('.v-tab--active').should('have.text', \" Currently watching \");",
              "err": {},
              "uuid": "099f0292-c78c-481e-b40a-9c0c7c919328",
              "parentUUID": "15c93531-fced-4464-9953-f44841dc83fa",
              "isHook": false,
              "skipped": false
            },
            {
              "title": "Navigates to my `Completed`",
              "fullTitle": "Tests navigation features as user Navigates to my `Completed`",
              "timedOut": null,
              "duration": 2193,
              "state": "passed",
              "speed": "slow",
              "pass": true,
              "fail": false,
              "pending": false,
              "context": null,
              "code": "cy.contains(Cypress.env(user.name)).click();\ncy.contains('Completed').click();\ncy.url().should('include', \"/MyList\");\ncy.get('.v-tab--active').should('have.text', \" Finished \");",
              "err": {},
              "uuid": "a8ece6a7-8f47-403d-a004-8533c84773e0",
              "parentUUID": "15c93531-fced-4464-9953-f44841dc83fa",
              "isHook": false,
              "skipped": false
            }
          ],
          "suites": [],
          "passes": [
            "93e51215-22d7-41ff-a1ce-2d3418bed185",
            "099f0292-c78c-481e-b40a-9c0c7c919328",
            "a8ece6a7-8f47-403d-a004-8533c84773e0"
          ],
          "failures": [],
          "pending": [],
          "skipped": [],
          "duration": 7523,
          "root": false,
          "rootEmpty": false,
          "_timeout": 2000
        },
        {
          "uuid": "581bd552-ac76-4f1b-862c-786c746ef06a",
          "title": "Tests navigation features as admin",
          "fullFile": "",
          "file": "",
          "beforeHooks": [],
          "afterHooks": [],
          "tests": [
            {
              "title": "Navigates to my `Planned to watch`",
              "fullTitle": "Tests navigation features as admin Navigates to my `Planned to watch`",
              "timedOut": null,
              "duration": 2343,
              "state": "passed",
              "speed": "slow",
              "pass": true,
              "fail": false,
              "pending": false,
              "context": null,
              "code": "cy.contains(Cypress.env(user.name)).click();\ncy.contains('Plan to watch').click();\ncy.url().should('include', \"/MyList\");\ncy.get('.v-tab--active').should('have.text', \" Planned to watch \");",
              "err": {},
              "uuid": "4c1919f0-ad9d-4a6a-888e-3cd972ef8e78",
              "parentUUID": "581bd552-ac76-4f1b-862c-786c746ef06a",
              "isHook": false,
              "skipped": false
            },
            {
              "title": "Navigates to my `Currently watching`",
              "fullTitle": "Tests navigation features as admin Navigates to my `Currently watching`",
              "timedOut": null,
              "duration": 1696,
              "state": "passed",
              "speed": "slow",
              "pass": true,
              "fail": false,
              "pending": false,
              "context": null,
              "code": "cy.contains(Cypress.env(user.name)).click();\ncy.contains('Watching').click();\ncy.url().should('include', \"/MyList\");\ncy.get('.v-tab--active').should('have.text', \" Currently watching \");",
              "err": {},
              "uuid": "cd6f8438-e66b-4bc3-9899-21a86c3ea16d",
              "parentUUID": "581bd552-ac76-4f1b-862c-786c746ef06a",
              "isHook": false,
              "skipped": false
            },
            {
              "title": "Navigates to my `Completed`",
              "fullTitle": "Tests navigation features as admin Navigates to my `Completed`",
              "timedOut": null,
              "duration": 1685,
              "state": "passed",
              "speed": "slow",
              "pass": true,
              "fail": false,
              "pending": false,
              "context": null,
              "code": "cy.contains(Cypress.env(user.name)).click();\ncy.contains('Completed').click();\ncy.url().should('include', \"/MyList\");\ncy.get('.v-tab--active').should('have.text', \" Finished \");",
              "err": {},
              "uuid": "427394f8-62cc-4753-9c63-8313a605b0e3",
              "parentUUID": "581bd552-ac76-4f1b-862c-786c746ef06a",
              "isHook": false,
              "skipped": false
            },
            {
              "title": "Navigates to my `Edit Animes`",
              "fullTitle": "Tests navigation features as admin Navigates to my `Edit Animes`",
              "timedOut": null,
              "duration": 1760,
              "state": "passed",
              "speed": "slow",
              "pass": true,
              "fail": false,
              "pending": false,
              "context": null,
              "code": "cy.contains(Cypress.env(user.name)).click();\ncy.contains('Edit animes').click();\ncy.url().should('include', \"/EditAnime\");",
              "err": {},
              "uuid": "57d04b24-2682-4bb9-9668-8e263613e4ca",
              "parentUUID": "581bd552-ac76-4f1b-862c-786c746ef06a",
              "isHook": false,
              "skipped": false
            },
            {
              "title": "Navigates to my `Edit Users`",
              "fullTitle": "Tests navigation features as admin Navigates to my `Edit Users`",
              "timedOut": null,
              "duration": 1672,
              "state": "passed",
              "speed": "slow",
              "pass": true,
              "fail": false,
              "pending": false,
              "context": null,
              "code": "cy.contains(Cypress.env(user.name)).click();\ncy.contains('Edit users').click();\ncy.url().should('include', \"/EditUser\");",
              "err": {},
              "uuid": "18cd8254-6135-4f50-8784-1198fb41bdd8",
              "parentUUID": "581bd552-ac76-4f1b-862c-786c746ef06a",
              "isHook": false,
              "skipped": false
            }
          ],
          "suites": [],
          "passes": [
            "4c1919f0-ad9d-4a6a-888e-3cd972ef8e78",
            "cd6f8438-e66b-4bc3-9899-21a86c3ea16d",
            "427394f8-62cc-4753-9c63-8313a605b0e3",
            "57d04b24-2682-4bb9-9668-8e263613e4ca",
            "18cd8254-6135-4f50-8784-1198fb41bdd8"
          ],
          "failures": [],
          "pending": [],
          "skipped": [],
          "duration": 9156,
          "root": false,
          "rootEmpty": false,
          "_timeout": 2000
        }
      ],
      "passes": [],
      "failures": [],
      "pending": [],
      "skipped": [],
      "duration": 0,
      "root": true,
      "rootEmpty": true,
      "_timeout": 2000
    }
  ],
  "meta": {
    "mocha": {
      "version": "7.0.1"
    },
    "mochawesome": {
      "options": {
        "quiet": false,
        "reportFilename": "mochawesome",
        "saveHtml": true,
        "saveJson": true,
        "consoleReporter": "spec",
        "useInlineDiffs": false,
        "code": true
      },
      "version": "6.2.2"
    },
    "marge": {
      "options": null,
      "version": "5.2.0"
    }
  }
}